<?xml version="1.0" encoding="UTF-8"?>
<!-- Generated by org.testng.reporters.JUnitReportReporter -->
<testsuite skipped="0" hostname="LAPTOP-UBBBUF7N" name="tsetCalculate" tests="5" failures="0" timestamp="21 十一月 2021 03:09:05 GMT" time="0.010" errors="0">
  <testcase name="testCalculate1" time="0.008" classname="tsetCalculate"/>
  <testcase name="testCalculateHelp0" time="0.001" classname="tsetCalculate"/>
  <testcase name="testcalculateHelp2" time="0.001" classname="tsetCalculate"/>
  <testcase name="testCalculateHelp1" time="0.000" classname="tsetCalculate"/>
  <testcase name="testEntryOfCalculate1" time="0.000" classname="tsetCalculate"/>
</testsuite> <!-- tsetCalculate -->
